[INFO] Scanning for projects...
[INFO] 
[INFO] -------------------< com.silkroad:silkroad-project >--------------------
[INFO] Building Proyecto SilkRoad - Ciclo 3 3.0
[INFO]   from pom.xml
[INFO] --------------------------------[ jar ]---------------------------------
[INFO] 
[INFO] --- clean:3.2.0:clean (default-clean) @ silkroad-project ---
[INFO] Deleting E:\DOPO\3cer_ciclo\Proyecto_ciclo3_inicial\target
[INFO] 
[INFO] --- resources:3.3.1:resources (default-resources) @ silkroad-project ---
[INFO] skip non existing resourceDirectory E:\DOPO\3cer_ciclo\Proyecto_ciclo3_inicial\src\main\resources
[INFO] 
[INFO] --- compiler:3.11.0:compile (default-compile) @ silkroad-project ---
[INFO] Changes detected - recompiling the module! :source
[INFO] Compiling 19 source files with javac [debug target 21] to target\classes
[INFO] 
[INFO] --- resources:3.3.1:testResources (default-testResources) @ silkroad-project ---
[INFO] skip non existing resourceDirectory E:\DOPO\3cer_ciclo\Proyecto_ciclo3_inicial\src\test\resources
[INFO] 
[INFO] --- compiler:3.11.0:testCompile (default-testCompile) @ silkroad-project ---
[INFO] Changes detected - recompiling the module! :dependency
[INFO] Compiling 5 source files with javac [debug target 21] to target\test-classes
[INFO] 
[INFO] --- surefire:2.22.2:test (default-test) @ silkroad-project ---
[INFO] 
[INFO] -------------------------------------------------------
[INFO]  T E S T S
[INFO] -------------------------------------------------------
[INFO] Running test.AppMapFullTestJUnit
